[2021-05-25T14:53:42.687] [DEBUG] cheese - login => username:admin,password:123456
[2021-05-25T14:53:42.688] [DEBUG] cheese - admin
[2021-05-25T14:53:42.703] [DEBUG] cheese - null
[2021-05-25T14:53:42.703] [DEBUG] cheese - null
[2022-08-06T18:01:18.555] [DEBUG] cheese - login => username:zce,password:zce
[2022-08-06T18:01:18.556] [DEBUG] cheese - zce
[2022-08-06T18:01:18.566] [DEBUG] cheese - null
[2022-08-06T18:01:18.567] [DEBUG] cheese - null
[2022-08-06T18:02:47.688] [DEBUG] cheese - login => username:admin,password:admin
[2022-08-06T18:02:47.688] [DEBUG] cheese - admin
[2022-08-06T18:02:47.693] [DEBUG] cheese - null
[2022-08-06T18:02:47.693] [DEBUG] cheese - null
[2022-08-06T18:04:38.936] [DEBUG] cheese - login => username:admin,password:123456
[2022-08-06T18:04:38.937] [DEBUG] cheese - admin
[2022-08-06T18:04:38.940] [DEBUG] cheese - null
[2022-08-06T18:04:38.940] [DEBUG] cheese - null
[2022-08-06T20:07:00.929] [DEBUG] cheese - login => username:12421,password:23421343
[2022-08-06T20:07:00.930] [DEBUG] cheese - 12421
[2022-08-06T20:07:00.936] [DEBUG] cheese - null
[2022-08-06T20:07:00.937] [DEBUG] cheese - null
[2022-08-06T20:07:06.054] [DEBUG] cheese - login => username:admin,password:23421343
[2022-08-06T20:07:06.054] [DEBUG] cheese - admin
[2022-08-06T20:07:06.059] [DEBUG] cheese - null
[2022-08-06T20:07:06.059] [DEBUG] cheese - null
[2022-08-06T20:07:25.580] [DEBUG] cheese - login => username:admin,password:123456
[2022-08-06T20:07:25.581] [DEBUG] cheese - admin
[2022-08-06T20:07:25.582] [DEBUG] cheese - null
[2022-08-06T20:07:25.583] [DEBUG] cheese - null
[2022-08-06T20:09:41.451] [DEBUG] cheese - login => username:1123r41234,password:12342314213
[2022-08-06T20:09:41.451] [DEBUG] cheese - 1123r41234
[2022-08-06T20:09:41.453] [DEBUG] cheese - null
[2022-08-06T20:09:41.453] [DEBUG] cheese - null
[2022-08-06T20:09:42.665] [DEBUG] cheese - login => username:1123r41234,password:12342314213
[2022-08-06T20:09:42.665] [DEBUG] cheese - 1123r41234
[2022-08-06T20:09:42.667] [DEBUG] cheese - null
[2022-08-06T20:09:42.667] [DEBUG] cheese - null
[2022-08-06T20:11:22.746] [DEBUG] cheese - login => username:admin,password:123456
[2022-08-06T20:11:22.746] [DEBUG] cheese - admin
[2022-08-06T20:11:22.749] [DEBUG] cheese - null
[2022-08-06T20:11:22.749] [DEBUG] cheese - null
[2022-08-06T20:16:24.660] [DEBUG] cheese - login => username:admin,password:123456
[2022-08-06T20:16:24.660] [DEBUG] cheese - admin
[2022-08-06T20:16:24.663] [DEBUG] cheese - null
[2022-08-06T20:16:24.663] [DEBUG] cheese - null
[2022-08-06T20:18:54.456] [DEBUG] cheese - login => username:admin,password:123456
[2022-08-06T20:18:54.456] [DEBUG] cheese - admin
[2022-08-06T20:18:54.458] [DEBUG] cheese - null
[2022-08-06T20:18:54.458] [DEBUG] cheese - null
[2022-08-06T20:20:56.233] [DEBUG] cheese - login => username:admin,password:123456
[2022-08-06T20:20:56.233] [DEBUG] cheese - admin
[2022-08-06T20:20:56.235] [DEBUG] cheese - null
[2022-08-06T20:20:56.235] [DEBUG] cheese - null
[2022-08-06T20:27:46.537] [DEBUG] cheese - login => username:amdin,password:123456
[2022-08-06T20:27:46.537] [DEBUG] cheese - amdin
[2022-08-06T20:27:46.539] [DEBUG] cheese - null
[2022-08-06T20:27:46.540] [DEBUG] cheese - null
[2022-08-06T20:27:50.837] [DEBUG] cheese - login => username:admin,password:123456
[2022-08-06T20:27:50.837] [DEBUG] cheese - admin
[2022-08-06T20:27:50.839] [DEBUG] cheese - null
[2022-08-06T20:27:50.839] [DEBUG] cheese - null
[2022-08-06T20:31:37.461] [DEBUG] cheese - login => username:admin,password:123456
[2022-08-06T20:31:37.461] [DEBUG] cheese - admin
[2022-08-06T20:31:37.463] [DEBUG] cheese - null
[2022-08-06T20:31:37.463] [DEBUG] cheese - null
[2022-08-06T20:33:24.007] [DEBUG] cheese - login => username:admin,password:123456
[2022-08-06T20:33:24.007] [DEBUG] cheese - admin
[2022-08-06T20:33:24.009] [DEBUG] cheese - null
[2022-08-06T20:33:24.010] [DEBUG] cheese - null
[2022-08-06T20:34:15.278] [DEBUG] cheese - login => username:admin,password:123456
[2022-08-06T20:34:15.278] [DEBUG] cheese - admin
[2022-08-06T20:34:15.280] [DEBUG] cheese - null
[2022-08-06T20:34:15.280] [DEBUG] cheese - null
[2022-08-06T22:30:03.707] [DEBUG] cheese - login => username:admin,password:123456
[2022-08-06T22:30:03.708] [DEBUG] cheese - admin
[2022-08-06T22:30:03.711] [DEBUG] cheese - null
[2022-08-06T22:30:03.711] [DEBUG] cheese - null
[2022-08-06T22:31:50.522] [DEBUG] cheese - login => username:admin,password:123456
[2022-08-06T22:31:50.522] [DEBUG] cheese - admin
[2022-08-06T22:31:50.524] [DEBUG] cheese - null
[2022-08-06T22:31:50.524] [DEBUG] cheese - null
[2022-08-07T09:08:22.182] [DEBUG] cheese - login => username:admin,password:123456
[2022-08-07T09:08:22.184] [DEBUG] cheese - admin
[2022-08-07T09:08:22.199] [DEBUG] cheese - null
[2022-08-07T09:08:22.200] [DEBUG] cheese - null
[2022-08-07T16:31:24.676] [DEBUG] cheese - null
[2022-08-07T16:31:41.703] [DEBUG] cheese - null
[2022-08-07T16:34:56.386] [DEBUG] cheese - null
[2022-08-07T16:37:05.138] [DEBUG] cheese - null
[2022-08-07T16:37:45.357] [DEBUG] cheese - null
[2022-08-07T16:38:05.350] [DEBUG] cheese - null
[2022-08-07T16:39:49.505] [DEBUG] cheese - null
[2022-08-07T16:40:10.106] [DEBUG] cheese - null
[2022-08-07T16:40:25.180] [DEBUG] cheese - null
[2022-08-07T16:40:32.755] [DEBUG] cheese - null
[2022-08-08T01:26:43.616] [DEBUG] cheese - login => username:admin,password:123456
[2022-08-08T01:26:43.617] [DEBUG] cheese - admin
[2022-08-08T01:26:43.621] [DEBUG] cheese - null
[2022-08-08T01:26:43.621] [DEBUG] cheese - null
[2022-08-08T01:27:28.070] [DEBUG] cheese - login => username:admin,password:123456
[2022-08-08T01:27:28.070] [DEBUG] cheese - admin
[2022-08-08T01:27:28.077] [DEBUG] cheese - null
[2022-08-08T01:27:28.077] [DEBUG] cheese - null
[2022-08-08T07:57:07.167] [DEBUG] cheese - login => username:admin,password:123456
[2022-08-08T07:57:07.168] [DEBUG] cheese - admin
[2022-08-08T07:57:07.181] [DEBUG] cheese - null
[2022-08-08T07:57:07.181] [DEBUG] cheese - null
[2022-08-08T20:39:40.929] [DEBUG] cheese - login => username:admin,password:123456
[2022-08-08T20:39:40.930] [DEBUG] cheese - admin
[2022-08-08T20:39:40.940] [DEBUG] cheese - null
[2022-08-08T20:39:40.940] [DEBUG] cheese - null
[2022-08-09T07:58:56.026] [DEBUG] cheese - login => username:admin,password:123456
[2022-08-09T07:58:56.028] [DEBUG] cheese - admin
[2022-08-09T07:58:56.110] [DEBUG] cheese - null
[2022-08-09T07:58:56.111] [DEBUG] cheese - null
[2022-08-10T18:55:22.197] [DEBUG] cheese - login => username:admin,password:123456
[2022-08-10T18:55:22.199] [DEBUG] cheese - admin
[2022-08-10T18:55:22.214] [DEBUG] cheese - null
[2022-08-10T18:55:22.214] [DEBUG] cheese - null
[2022-08-11T19:02:33.106] [DEBUG] cheese - login => username:admin,password:123456
[2022-08-11T19:02:33.114] [DEBUG] cheese - admin
[2022-08-11T19:02:33.139] [DEBUG] cheese - null
[2022-08-11T19:02:33.140] [DEBUG] cheese - null
[2022-08-11T20:06:46.132] [DEBUG] cheese - null
[2022-08-11T20:08:27.968] [DEBUG] cheese - null
[2022-08-11T20:09:24.212] [DEBUG] cheese - null
[2022-08-11T20:09:54.221] [DEBUG] cheese - null
[2022-08-11T20:10:12.319] [DEBUG] cheese - null
[2022-08-11T20:15:01.049] [DEBUG] cheese - null
[2022-08-11T20:15:21.291] [DEBUG] cheese - null
[2022-08-11T21:29:53.488] [DEBUG] cheese - null
[2022-08-12T23:33:23.302] [DEBUG] cheese - login => username:admin,password:123456
[2022-08-12T23:33:23.307] [DEBUG] cheese - admin
[2022-08-12T23:33:23.326] [DEBUG] cheese - null
[2022-08-12T23:33:23.327] [DEBUG] cheese - null
[2022-08-13T01:27:01.449] [DEBUG] cheese - login => username:admin,password:123456
[2022-08-13T01:27:01.451] [DEBUG] cheese - admin
[2022-08-13T01:27:01.455] [DEBUG] cheese - null
[2022-08-13T01:27:01.455] [DEBUG] cheese - null
[2022-08-13T01:28:52.819] [DEBUG] cheese - login => username:admin,password:123456
[2022-08-13T01:28:52.819] [DEBUG] cheese - admin
[2022-08-13T01:28:52.821] [DEBUG] cheese - null
[2022-08-13T01:28:52.821] [DEBUG] cheese - null
[2022-08-13T01:30:56.330] [DEBUG] cheese - login => username:admin,password:123456
[2022-08-13T01:30:56.330] [DEBUG] cheese - admin
[2022-08-13T01:30:56.332] [DEBUG] cheese - null
[2022-08-13T01:30:56.333] [DEBUG] cheese - null
[2022-08-13T10:26:17.806] [DEBUG] cheese - login => username:admin,password:123456
[2022-08-13T10:26:17.809] [DEBUG] cheese - admin
[2022-08-13T10:26:17.816] [DEBUG] cheese - null
[2022-08-13T10:26:17.817] [DEBUG] cheese - null
